[0m01:56:22.967934 [debug] [MainThread]: Sending event: {'category': 'dbt', 'action': 'invocation', 'label': 'start', 'context': [<snowplow_tracker.self_describing_json.SelfDescribingJson object at 0x000001E22E333C50>, <snowplow_tracker.self_describing_json.SelfDescribingJson object at 0x000001E22AEA5ED0>, <snowplow_tracker.self_describing_json.SelfDescribingJson object at 0x000001E22AE90110>]}


============================== 01:56:22.979654 | 73a6f126-a455-46c7-ba1d-3437bf6b66e4 ==============================
[0m01:56:22.979654 [info ] [MainThread]: Running with dbt=1.11.12
[0m01:56:22.979654 [debug] [MainThread]: running dbt with arguments {'version_check': 'True', 'no_print': 'None', 'static_parser': 'True', 'target_path': 'None', 'warn_error_options': 'WarnErrorOptionsV2(error=[], warn=[], silence=[])', 'printer_width': '80', 'write_json': 'True', 'empty': 'None', 'log_cache_events': 'False', 'introspect': 'True', 'cache_selected_only': 'False', 'log_format': 'default', 'debug': 'False', 'fail_fast': 'False', 'partial_parse': 'True', 'send_anonymous_usage_stats': 'True', 'quiet': 'False', 'warn_error': 'None', 'profiles_dir': 'C:\\Users\\Cabuslay\\.dbt', 'invocation_command': 'dbt init market_intelligence_dbt', 'use_colors': 'True', 'indirect_selection': 'eager', 'use_experimental_parser': 'False', 'log_path': 'logs'}
[0m01:56:22.995396 [info ] [MainThread]: Creating dbt configuration folder at C:\Users\Cabuslay\.dbt
[0m01:56:22.995396 [debug] [MainThread]: Starter project path: D:\Projects\market-intelligence-pipeline\dbt-env\Lib\site-packages\dbt\include\starter_project
[0m01:56:23.061264 [info ] [MainThread]: 
Your new dbt project "market_intelligence_dbt" was created!

For more information on how to configure the profiles.yml file,
please consult the dbt documentation here:

  https://docs.getdbt.com/docs/configure-your-profile

One more thing:

Need help? Don't hesitate to reach out to us via GitHub issues or on Slack:

  https://community.getdbt.com/

Happy modeling!

[0m01:56:23.061264 [info ] [MainThread]: Setting up your profile.
[0m01:57:59.121711 [info ] [MainThread]: Profile market_intelligence_dbt written to C:\Users\Cabuslay\.dbt\profiles.yml using target's profile_template.yml and your supplied values. Run 'dbt debug' to validate the connection.
[0m01:57:59.121711 [debug] [MainThread]: Command `dbt init` succeeded at 01:57:59.121711 after 96.24 seconds
[0m01:57:59.121711 [debug] [MainThread]: Sending event: {'category': 'dbt', 'action': 'invocation', 'label': 'end', 'context': [<snowplow_tracker.self_describing_json.SelfDescribingJson object at 0x000001E22E5C1DD0>, <snowplow_tracker.self_describing_json.SelfDescribingJson object at 0x000001E22E598B10>, <snowplow_tracker.self_describing_json.SelfDescribingJson object at 0x000001E22E58F150>]}
[0m01:57:59.121711 [debug] [MainThread]: Flushing usage events
[0m01:58:01.381119 [debug] [MainThread]: An error was encountered while trying to flush usage events
[0m01:58:14.330715 [debug] [MainThread]: Sending event: {'category': 'dbt', 'action': 'invocation', 'label': 'start', 'context': [<snowplow_tracker.self_describing_json.SelfDescribingJson object at 0x000002367EFFD010>, <snowplow_tracker.self_describing_json.SelfDescribingJson object at 0x000002367F117F50>, <snowplow_tracker.self_describing_json.SelfDescribingJson object at 0x000002367EE53F50>]}


============================== 01:58:14.330715 | b6dd0891-69b9-4ef6-b92d-f8a09ea88f92 ==============================
[0m01:58:14.330715 [info ] [MainThread]: Running with dbt=1.11.12
[0m01:58:14.330715 [debug] [MainThread]: running dbt with arguments {'static_parser': 'True', 'no_print': 'None', 'version_check': 'True', 'target_path': 'None', 'warn_error_options': 'WarnErrorOptionsV2(error=[], warn=[], silence=[])', 'printer_width': '80', 'write_json': 'True', 'empty': 'None', 'log_cache_events': 'False', 'introspect': 'True', 'cache_selected_only': 'False', 'fail_fast': 'False', 'debug': 'False', 'log_format': 'default', 'profiles_dir': 'C:\\Users\\Cabuslay\\.dbt', 'send_anonymous_usage_stats': 'True', 'quiet': 'False', 'warn_error': 'None', 'partial_parse': 'True', 'invocation_command': 'dbt debug', 'indirect_selection': 'eager', 'use_colors': 'True', 'use_experimental_parser': 'False', 'log_path': 'logs'}
[0m01:58:14.364048 [info ] [MainThread]: dbt version: 1.11.12
[0m01:58:14.364048 [info ] [MainThread]: python version: 3.11.5
[0m01:58:14.364048 [info ] [MainThread]: python path: D:\Projects\market-intelligence-pipeline\dbt-env\Scripts\python.exe
[0m01:58:14.364048 [info ] [MainThread]: os info: Windows-10-10.0.26200-SP0
[0m01:58:15.364000 [info ] [MainThread]: Using profiles dir at C:\Users\Cabuslay\.dbt
[0m01:58:15.364000 [info ] [MainThread]: Using profiles.yml file at C:\Users\Cabuslay\.dbt\profiles.yml
[0m01:58:15.364000 [info ] [MainThread]: Using dbt_project.yml file at D:\Projects\market-intelligence-pipeline\dbt_project.yml
[0m01:58:15.364000 [info ] [MainThread]: adapter type: bigquery
[0m01:58:15.364000 [info ] [MainThread]: adapter version: 1.11.3
[0m01:58:15.364000 [info ] [MainThread]: Configuration:
[0m01:58:15.364000 [info ] [MainThread]:   profiles.yml file [[32mOK found and valid[0m]
[0m01:58:15.379331 [info ] [MainThread]:   dbt_project.yml file [[31mERROR not found[0m]
[0m01:58:15.379331 [info ] [MainThread]: Required dependencies:
[0m01:58:15.380393 [debug] [MainThread]: Executing "git --help"
[0m01:58:15.431151 [debug] [MainThread]: STDOUT: "b"usage: git [-v | --version] [-h | --help] [-C <path>] [-c <name>=<value>]\n           [--exec-path[=<path>]] [--html-path] [--man-path] [--info-path]\n           [-p | --paginate | -P | --no-pager] [--no-replace-objects] [--no-lazy-fetch]\n           [--no-optional-locks] [--no-advice] [--bare] [--git-dir=<path>]\n           [--work-tree=<path>] [--namespace=<name>] [--config-env=<name>=<envvar>]\n           <command> [<args>]\n\nThese are common Git commands used in various situations:\n\nstart a working area (see also: git help tutorial)\n   clone      Clone a repository into a new directory\n   init       Create an empty Git repository or reinitialize an existing one\n\nwork on the current change (see also: git help everyday)\n   add        Add file contents to the index\n   mv         Move or rename a file, a directory, or a symlink\n   restore    Restore working tree files\n   rm         Remove files from the working tree and from the index\n\nexamine the history and state (see also: git help revisions)\n   bisect     Use binary search to find the commit that introduced a bug\n   diff       Show changes between commits, commit and working tree, etc\n   grep       Print lines matching a pattern\n   log        Show commit logs\n   show       Show various types of objects\n   status     Show the working tree status\n\ngrow, mark and tweak your common history\n   backfill   Download missing objects in a partial clone\n   branch     List, create, or delete branches\n   commit     Record changes to the repository\n   history    EXPERIMENTAL: Rewrite history\n   merge      Join two or more development histories together\n   rebase     Reapply commits on top of another base tip\n   reset      Set `HEAD` or the index to a known state\n   switch     Switch branches\n   tag        Create, list, delete or verify tags\n\ncollaborate (see also: git help workflows)\n   fetch      Download objects and refs from another repository\n   pull       Fetch from and integrate with another repository or a local branch\n   push       Update remote refs along with associated objects\n\n'git help -a' and 'git help -g' list available subcommands and some\nconcept guides. See 'git help <command>' or 'git help <concept>'\nto read about a specific subcommand or concept.\nSee 'git help git' for an overview of the system.\n""
[0m01:58:15.431151 [debug] [MainThread]: STDERR: "b''"
[0m01:58:15.431151 [info ] [MainThread]:  - git [[32mOK found[0m]

[0m01:58:15.431151 [info ] [MainThread]: Connection:
[0m01:58:15.431151 [info ] [MainThread]:   method: oauth
[0m01:58:15.431151 [info ] [MainThread]:   database: market-intelligence-pipeline
[0m01:58:15.431151 [info ] [MainThread]:   execution_project: market-intelligence-pipeline
[0m01:58:15.431151 [info ] [MainThread]:   schema: market_intelligence
[0m01:58:15.431151 [info ] [MainThread]:   location: US
[0m01:58:15.431151 [info ] [MainThread]:   priority: interactive
[0m01:58:15.431151 [info ] [MainThread]:   maximum_bytes_billed: None
[0m01:58:15.431151 [info ] [MainThread]:   impersonate_service_account: None
[0m01:58:15.431151 [info ] [MainThread]:   job_retry_deadline_seconds: None
[0m01:58:15.431151 [info ] [MainThread]:   job_retries: 1
[0m01:58:15.431151 [info ] [MainThread]:   job_creation_timeout_seconds: None
[0m01:58:15.431151 [info ] [MainThread]:   job_execution_timeout_seconds: 300
[0m01:58:15.431151 [info ] [MainThread]:   timeout_seconds: 300
[0m01:58:15.431151 [info ] [MainThread]:   client_id: None
[0m01:58:15.431151 [info ] [MainThread]:   token_uri: None
[0m01:58:15.431151 [info ] [MainThread]:   compute_region: None
[0m01:58:15.431151 [info ] [MainThread]:   dataproc_cluster_name: None
[0m01:58:15.431151 [info ] [MainThread]:   gcs_bucket: None
[0m01:58:15.431151 [info ] [MainThread]:   dataproc_batch: None
[0m01:58:15.431151 [info ] [MainThread]: Registered adapter: bigquery=1.11.3
[0m01:58:15.748571 [debug] [MainThread]: Acquiring new bigquery connection 'debug'
[0m01:58:15.748571 [debug] [MainThread]: On debug: select 1 as id
[0m01:58:15.748571 [debug] [MainThread]: Opening a new connection, currently in state init
[0m01:58:20.488135 [debug] [MainThread]: BigQuery adapter: https://console.cloud.google.com/bigquery?project=market-intelligence-pipeline&j=bq:US:e2be8179-f2a4-4860-9fb1-4dcd96fc0c7b&page=queryresults
[0m01:58:21.163603 [debug] [MainThread]: SQL status: OK in 0.667 seconds
[0m01:58:25.547755 [info ] [MainThread]:   Connection test: [[32mOK connection ok[0m]

[0m01:58:25.547755 [info ] [MainThread]: [31m1 check failed:[0m
[0m01:58:25.547755 [info ] [MainThread]: Project loading failed for the following reason:
 project path <D:\Projects\market-intelligence-pipeline\dbt_project.yml> not found

[0m01:58:25.547755 [debug] [MainThread]: Command `dbt debug` failed at 01:58:25.547755 after 11.30 seconds
[0m01:58:25.547755 [debug] [MainThread]: Connection 'debug' was properly closed.
[0m01:58:25.547755 [debug] [MainThread]: Sending event: {'category': 'dbt', 'action': 'invocation', 'label': 'end', 'context': [<snowplow_tracker.self_describing_json.SelfDescribingJson object at 0x000002367F0FDBD0>, <snowplow_tracker.self_describing_json.SelfDescribingJson object at 0x000002367F12C050>, <snowplow_tracker.self_describing_json.SelfDescribingJson object at 0x000002367F0AF150>]}
[0m01:58:25.547755 [debug] [MainThread]: Flushing usage events
[0m01:58:26.680462 [debug] [MainThread]: An error was encountered while trying to flush usage events
